# JRE version: OpenJDK Runtime Environment (16.0.1+9) (build 16.0.1+9-24)
# Java VM: OpenJDK 64-Bit Server VM (16.0.1+9-24, mixed mode, tiered, compressed oops, compressed class ptrs, g1 gc, windows-amd64)
GC Precious Log:
 CPUs: 8 total, 8 available
 Memory: 6081M
 Large Page Support: Disabled
 NUMA Support: Disabled
 Compressed Oops: Enabled (32-bit)
 Heap Region Size: 1M
 Heap Min Capacity: 8M
 Heap Initial Capacity: 96M
 Heap Max Capacity: 1522M
 Pre-touch: Disabled
 Parallel Workers: 8
 Concurrent Workers: 2
 Concurrent Refinement Workers: 8
 Periodic GC: Disabled
Heap:
 garbage-first heap   total 37888K, used 21556K [0x00000000a0e00000, 0x0000000100000000)
  region size 1024K, 14 young (14336K), 3 survivors (3072K)
 Metaspace       used 28539K, committed 28800K, reserved 1081344K
  class space    used 3269K, committed 3392K, reserved 1048576K
GC Heap History (14 events):
Event: 2.079 GC heap before
{Heap before GC invocations=0 (full 0):
 garbage-first heap   total 98304K, used 23552K [0x00000000a0e00000, 0x0000000100000000)
  region size 1024K, 23 young (23552K), 0 survivors (0K)
 Metaspace       used 14220K, committed 14400K, reserved 1064960K
  class space    used 1397K, committed 1472K, reserved 1048576K
}
Event: 2.090 GC heap after
{Heap after GC invocations=1 (full 0):
 garbage-first heap   total 98304K, used 7193K [0x00000000a0e00000, 0x0000000100000000)
  region size 1024K, 3 young (3072K), 3 survivors (3072K)
 Metaspace       used 14220K, committed 14400K, reserved 1064960K
  class space    used 1397K, committed 1472K, reserved 1048576K
}
Event: 3.109 GC heap before
{Heap before GC invocations=1 (full 0):
 garbage-first heap   total 98304K, used 31769K [0x00000000a0e00000, 0x0000000100000000)
  region size 1024K, 28 young (28672K), 3 survivors (3072K)
 Metaspace       used 21018K, committed 21248K, reserved 1073152K
  class space    used 2347K, committed 2432K, reserved 1048576K
}
Event: 3.117 GC heap after
{Heap after GC invocations=2 (full 0):
 garbage-first heap   total 98304K, used 9268K [0x00000000a0e00000, 0x0000000100000000)
  region size 1024K, 2 young (2048K), 2 survivors (2048K)
 Metaspace       used 21018K, committed 21248K, reserved 1073152K
  class space    used 2347K, committed 2432K, reserved 1048576K
}
Event: 3.130 GC heap before
{Heap before GC invocations=2 (full 0):
 garbage-first heap   total 98304K, used 9268K [0x00000000a0e00000, 0x0000000100000000)
  region size 1024K, 3 young (3072K), 2 survivors (2048K)
 Metaspace       used 21094K, committed 21248K, reserved 1073152K
  class space    used 2364K, committed 2432K, reserved 1048576K
}
Event: 3.134 GC heap after
{Heap after GC invocations=3 (full 0):
 garbage-first heap   total 98304K, used 9329K [0x00000000a0e00000, 0x0000000100000000)
  region size 1024K, 2 young (2048K), 2 survivors (2048K)
 Metaspace       used 21094K, committed 21248K, reserved 1073152K
  class space    used 2364K, committed 2432K, reserved 1048576K
}
Event: 3.767 GC heap before
{Heap before GC invocations=4 (full 0):
 garbage-first heap   total 37888K, used 28785K [0x00000000a0e00000, 0x0000000100000000)
  region size 1024K, 22 young (22528K), 2 survivors (2048K)
 Metaspace       used 24375K, committed 24576K, reserved 1073152K
  class space    used 2752K, committed 2816K, reserved 1048576K
}
Event: 3.772 GC heap after
{Heap after GC invocations=5 (full 0):
 garbage-first heap   total 37888K, used 10534K [0x00000000a0e00000, 0x0000000100000000)
  region size 1024K, 2 young (2048K), 2 survivors (2048K)
 Metaspace       used 24375K, committed 24576K, reserved 1073152K
  class space    used 2752K, committed 2816K, reserved 1048576K
}
Event: 3.799 GC heap before
{Heap before GC invocations=5 (full 0):
 garbage-first heap   total 37888K, used 25894K [0x00000000a0e00000, 0x0000000100000000)
  region size 1024K, 18 young (18432K), 2 survivors (2048K)
 Metaspace       used 24661K, committed 24832K, reserved 1073152K
  class space    used 2785K, committed 2880K, reserved 1048576K
}
Event: 3.800 GC heap after
{Heap after GC invocations=6 (full 0):
 garbage-first heap   total 37888K, used 10610K [0x00000000a0e00000, 0x0000000100000000)
  region size 1024K, 2 young (2048K), 2 survivors (2048K)
 Metaspace       used 24661K, committed 24832K, reserved 1073152K
  class space    used 2785K, committed 2880K, reserved 1048576K
}
Event: 3.807 GC heap before
{Heap before GC invocations=6 (full 0):
 garbage-first heap   total 37888K, used 25970K [0x00000000a0e00000, 0x0000000100000000)
  region size 1024K, 18 young (18432K), 2 survivors (2048K)
 Metaspace       used 24703K, committed 24896K, reserved 1073152K
  class space    used 2791K, committed 2880K, reserved 1048576K
}
Event: 3.809 GC heap after
{Heap after GC invocations=7 (full 0):
 garbage-first heap   total 37888K, used 10807K [0x00000000a0e00000, 0x0000000100000000)
  region size 1024K, 2 young (2048K), 2 survivors (2048K)
 Metaspace       used 24703K, committed 24896K, reserved 1073152K
  class space    used 2791K, committed 2880K, reserved 1048576K
}
Event: 4.037 GC heap before
{Heap before GC invocations=7 (full 0):
 garbage-first heap   total 37888K, used 27191K [0x00000000a0e00000, 0x0000000100000000)
  region size 1024K, 19 young (19456K), 2 survivors (2048K)
 Metaspace       used 27200K, committed 27392K, reserved 1081344K
  class space    used 3070K, committed 3136K, reserved 1048576K
}
Event: 4.040 GC heap after
{Heap after GC invocations=8 (full 0):
 garbage-first heap   total 37888K, used 11316K [0x00000000a0e00000, 0x0000000100000000)
  region size 1024K, 3 young (3072K), 3 survivors (3072K)
 Metaspace       used 27200K, committed 27392K, reserved 1081344K
  class space    used 3070K, committed 3136K, reserved 1048576K
}

